<?xml version="1.0" encoding="UTF-8"?>
<testng-results skipped="0" failed="0" ignored="0" total="1" passed="1">
  <reporter-output>
  </reporter-output>
  <suite name="Command line suite" duration-ms="6" started-at="2023-05-09T13:51:06 BST" finished-at="2023-05-09T13:51:06 BST">
    <groups>
    </groups>
    <test name="Command line test" duration-ms="6" started-at="2023-05-09T13:51:06 BST" finished-at="2023-05-09T13:51:06 BST">
      <class name="com.tutorialninja.AppTest">
        <test-method status="PASS" signature="testApp()[pri:0, instance:testApp(com.tutorialninja.AppTest)]" name="testApp" duration-ms="1" started-at="2023-05-09T13:51:06 BST" finished-at="2023-05-09T13:51:06 BST">
          <reporter-output>
          </reporter-output>
        </test-method> <!-- testApp -->
      </class> <!-- com.tutorialninja.AppTest -->
    </test> <!-- Command line test -->
  </suite> <!-- Command line suite -->
</testng-results>
