<?xml version="1.0" encoding="UTF-8"?>
<testsuite name="Tutorialsninja Test"
           tests="3"
           failures="0"
           errors="0"
           skipped="0"
           time="6.515">
  <properties />
  
  
            <testcase name="verifyUserShouldNavigateToLaptopsAndNotebooksPageSuccessfully" time="1.803" classname="com.tutorialninja.testsuite.TopMenuTest" />
                <testcase name="verifyUserShouldNavigateToDesktopsPageSuccessfully" time="2.054" classname="com.tutorialninja.testsuite.TopMenuTest" />
                <testcase name="verifyUserShouldNavigateToComponentsPageSuccessfully" time="2.658" classname="com.tutorialninja.testsuite.TopMenuTest" />
      
</testsuite>
