<?xml version="1.0" encoding="UTF-8"?>
<testsuite name="Tutorialsninja Test"
           tests="2"
           failures="0"
           errors="0"
           skipped="0"
           time="5.094">
  <properties />
  
  
            <testcase name="verifyUserShouldNavigateToLoginPageSuccessfully" time="1.407" classname="com.tutorialninja.testsuite.AccountLoginPageTest" />
                <testcase name="verifyThatUserShouldLoginAndLogoutSuccessfully" time="3.687" classname="com.tutorialninja.testsuite.AccountLoginPageTest" />
      
</testsuite>
